{"/Users/jimdebeer/dev/core/hub/lib/index.js":{"path":"/Users/jimdebeer/dev/core/hub/lib/index.js","s":{"1":1,"2":1,"3":1,"4":1,"5":1,"6":1,"7":1,"8":1,"9":5,"10":1},"b":{"1":[5,5]},"f":{},"fnMap":{},"statementMap":{"1":{"start":{"line":2,"column":0},"end":{"line":2,"column":30}},"2":{"start":{"line":3,"column":0},"end":{"line":3,"column":34}},"3":{"start":{"line":4,"column":0},"end":{"line":4,"column":44}},"4":{"start":{"line":5,"column":0},"end":{"line":5,"column":41}},"5":{"start":{"line":6,"column":0},"end":{"line":6,"column":37}},"6":{"start":{"line":7,"column":0},"end":{"line":7,"column":27}},"7":{"start":{"line":8,"column":0},"end":{"line":8,"column":16}},"8":{"start":{"line":9,"column":0},"end":{"line":9,"column":80}},"9":{"start":{"line":9,"column":35},"end":{"line":9,"column":80}},"10":{"start":{"line":11,"column":0},"end":{"line":33,"column":21}}},"branchMap":{"1":{"line":9,"type":"binary-expr","locations":[{"start":{"line":9,"column":53},"end":{"line":9,"column":56}},{"start":{"line":9,"column":60},"end":{"line":9,"column":79}}]}}},"/Users/jimdebeer/dev/core/hub/lib/sync/index.js":{"path":"/Users/jimdebeer/dev/core/hub/lib/sync/index.js","s":{"1":1,"2":1,"3":1,"4":21,"5":21,"6":7,"7":7,"8":7,"9":0,"10":0,"11":0,"12":0,"13":7,"14":7,"15":7,"16":6,"17":6,"18":6,"19":21,"20":21,"21":21,"22":2,"23":2,"24":2,"25":19,"26":6,"27":6,"28":1,"29":6,"30":6,"31":2,"32":2,"33":2,"34":4,"35":0,"36":0,"37":0},"b":{"1":[7,14],"2":[21,14],"3":[0,7],"4":[0,0],"5":[0,0],"6":[0,0],"7":[7,0],"8":[6,1],"9":[7,6,6],"10":[2,19],"11":[2,0],"12":[25,14],"13":[2,4],"14":[0,2],"15":[0,4],"16":[0,0]},"f":{"1":21,"2":6,"3":2,"4":0},"fnMap":{"1":{"name":"(anonymous_1)","line":15,"loc":{"start":{"line":15,"column":13},"end":{"line":15,"column":35}}},"2":{"name":"lstampInner","line":55,"loc":{"start":{"line":55,"column":0},"end":{"line":55,"column":57}}},"3":{"name":"(anonymous_3)","line":59,"loc":{"start":{"line":59,"column":29},"end":{"line":59,"column":41}}},"4":{"name":"(anonymous_4)","line":64,"loc":{"start":{"line":64,"column":39},"end":{"line":64,"column":52}}}},"statementMap":{"1":{"start":{"line":2,"column":0},"end":{"line":2,"column":37}},"2":{"start":{"line":3,"column":0},"end":{"line":3,"column":38}},"3":{"start":{"line":5,"column":0},"end":{"line":53,"column":21}},"4":{"start":{"line":16,"column":8},"end":{"line":16,"column":35}},"5":{"start":{"line":17,"column":8},"end":{"line":35,"column":9}},"6":{"start":{"line":18,"column":10},"end":{"line":18,"column":39}},"7":{"start":{"line":19,"column":10},"end":{"line":19,"column":36}},"8":{"start":{"line":20,"column":10},"end":{"line":34,"column":11}},"9":{"start":{"line":21,"column":12},"end":{"line":21,"column":54}},"10":{"start":{"line":22,"column":12},"end":{"line":26,"column":13}},"11":{"start":{"line":23,"column":14},"end":{"line":25,"column":15}},"12":{"start":{"line":24,"column":16},"end":{"line":24,"column":44}},"13":{"start":{"line":27,"column":17},"end":{"line":34,"column":11}},"14":{"start":{"line":28,"column":12},"end":{"line":28,"column":48}},"15":{"start":{"line":29,"column":12},"end":{"line":33,"column":13}},"16":{"start":{"line":30,"column":14},"end":{"line":30,"column":42}},"17":{"start":{"line":32,"column":14},"end":{"line":32,"column":65}},"18":{"start":{"line":32,"column":45},"end":{"line":32,"column":64}},"19":{"start":{"line":36,"column":8},"end":{"line":36,"column":35}},"20":{"start":{"line":37,"column":8},"end":{"line":37,"column":26}},"21":{"start":{"line":38,"column":8},"end":{"line":48,"column":9}},"22":{"start":{"line":39,"column":10},"end":{"line":39,"column":22}},"23":{"start":{"line":40,"column":10},"end":{"line":42,"column":12}},"24":{"start":{"line":41,"column":12},"end":{"line":41,"column":90}},"25":{"start":{"line":44,"column":10},"end":{"line":47,"column":11}},"26":{"start":{"line":45,"column":12},"end":{"line":45,"column":58}},"27":{"start":{"line":46,"column":12},"end":{"line":46,"column":37}},"28":{"start":{"line":55,"column":0},"end":{"line":69,"column":1}},"29":{"start":{"line":56,"column":2},"end":{"line":56,"column":22}},"30":{"start":{"line":57,"column":2},"end":{"line":68,"column":3}},"31":{"start":{"line":58,"column":4},"end":{"line":58,"column":18}},"32":{"start":{"line":59,"column":4},"end":{"line":61,"column":6}},"33":{"start":{"line":60,"column":6},"end":{"line":60,"column":84}},"34":{"start":{"line":62,"column":9},"end":{"line":68,"column":3}},"35":{"start":{"line":63,"column":4},"end":{"line":67,"column":5}},"36":{"start":{"line":64,"column":6},"end":{"line":66,"column":8}},"37":{"start":{"line":65,"column":8},"end":{"line":65,"column":49}}},"branchMap":{"1":{"line":17,"type":"if","locations":[{"start":{"line":17,"column":8},"end":{"line":17,"column":8}},{"start":{"line":17,"column":8},"end":{"line":17,"column":8}}]},"2":{"line":17,"type":"binary-expr","locations":[{"start":{"line":17,"column":13},"end":{"line":17,"column":24}},{"start":{"line":17,"column":28},"end":{"line":17,"column":41}}]},"3":{"line":20,"type":"if","locations":[{"start":{"line":20,"column":10},"end":{"line":20,"column":10}},{"start":{"line":20,"column":10},"end":{"line":20,"column":10}}]},"4":{"line":22,"type":"if","locations":[{"start":{"line":22,"column":12},"end":{"line":22,"column":12}},{"start":{"line":22,"column":12},"end":{"line":22,"column":12}}]},"5":{"line":22,"type":"binary-expr","locations":[{"start":{"line":22,"column":16},"end":{"line":22,"column":22}},{"start":{"line":22,"column":26},"end":{"line":22,"column":41}}]},"6":{"line":23,"type":"if","locations":[{"start":{"line":23,"column":14},"end":{"line":23,"column":14}},{"start":{"line":23,"column":14},"end":{"line":23,"column":14}}]},"7":{"line":27,"type":"if","locations":[{"start":{"line":27,"column":17},"end":{"line":27,"column":17}},{"start":{"line":27,"column":17},"end":{"line":27,"column":17}}]},"8":{"line":29,"type":"if","locations":[{"start":{"line":29,"column":12},"end":{"line":29,"column":12}},{"start":{"line":29,"column":12},"end":{"line":29,"column":12}}]},"9":{"line":29,"type":"binary-expr","locations":[{"start":{"line":29,"column":16},"end":{"line":29,"column":23}},{"start":{"line":29,"column":27},"end":{"line":29,"column":38}},{"start":{"line":29,"column":42},"end":{"line":29,"column":59}}]},"10":{"line":38,"type":"if","locations":[{"start":{"line":38,"column":8},"end":{"line":38,"column":8}},{"start":{"line":38,"column":8},"end":{"line":38,"column":8}}]},"11":{"line":41,"type":"cond-expr","locations":[{"start":{"line":41,"column":68},"end":{"line":41,"column":81}},{"start":{"line":41,"column":84},"end":{"line":41,"column":89}}]},"12":{"line":44,"type":"binary-expr","locations":[{"start":{"line":44,"column":17},"end":{"line":44,"column":23}},{"start":{"line":44,"column":27},"end":{"line":44,"column":49}}]},"13":{"line":57,"type":"if","locations":[{"start":{"line":57,"column":2},"end":{"line":57,"column":2}},{"start":{"line":57,"column":2},"end":{"line":57,"column":2}}]},"14":{"line":60,"type":"cond-expr","locations":[{"start":{"line":60,"column":62},"end":{"line":60,"column":75}},{"start":{"line":60,"column":78},"end":{"line":60,"column":83}}]},"15":{"line":62,"type":"if","locations":[{"start":{"line":62,"column":9},"end":{"line":62,"column":9}},{"start":{"line":62,"column":9},"end":{"line":62,"column":9}}]},"16":{"line":63,"type":"if","locations":[{"start":{"line":63,"column":4},"end":{"line":63,"column":4}},{"start":{"line":63,"column":4},"end":{"line":63,"column":4}}]}}},"/Users/jimdebeer/dev/core/hub/lib/sync/subscription/index.js":{"path":"/Users/jimdebeer/dev/core/hub/lib/sync/subscription/index.js","s":{"1":1,"2":1,"3":1,"4":1,"5":1,"6":1,"7":1,"8":1,"9":1,"10":2,"11":2,"12":2,"13":0,"14":0,"15":0,"16":0,"17":0,"18":0,"19":0,"20":0,"21":2,"22":2,"23":2,"24":2,"25":2,"26":2,"27":2,"28":2,"29":0,"30":2,"31":2,"32":2,"33":2,"34":0,"35":0,"36":0,"37":2},"b":{"1":[2,0],"2":[0,2],"3":[2,0],"4":[0,0],"5":[0,0],"6":[0,0],"7":[2,0],"8":[2,0],"9":[2,0],"10":[0,2],"11":[2,0],"12":[0,2],"13":[2,2]},"f":{"1":18,"2":2,"3":0},"fnMap":{"1":{"name":"(anonymous_1)","line":9,"loc":{"start":{"line":9,"column":14},"end":{"line":9,"column":26}}},"2":{"name":"(anonymous_2)","line":12,"loc":{"start":{"line":12,"column":12},"end":{"line":12,"column":52}}},"3":{"name":"(anonymous_3)","line":16,"loc":{"start":{"line":16,"column":15},"end":{"line":16,"column":64}}}},"statementMap":{"1":{"start":{"line":2,"column":0},"end":{"line":2,"column":51}},"2":{"start":{"line":3,"column":0},"end":{"line":3,"column":40}},"3":{"start":{"line":4,"column":0},"end":{"line":4,"column":32}},"4":{"start":{"line":5,"column":0},"end":{"line":5,"column":30}},"5":{"start":{"line":6,"column":0},"end":{"line":6,"column":55}},"6":{"start":{"line":7,"column":0},"end":{"line":7,"column":51}},"7":{"start":{"line":8,"column":0},"end":{"line":8,"column":38}},"8":{"start":{"line":9,"column":0},"end":{"line":9,"column":28}},"9":{"start":{"line":11,"column":0},"end":{"line":49,"column":1}},"10":{"start":{"line":13,"column":4},"end":{"line":13,"column":35}},"11":{"start":{"line":13,"column":19},"end":{"line":13,"column":34}},"12":{"start":{"line":14,"column":4},"end":{"line":27,"column":5}},"13":{"start":{"line":15,"column":6},"end":{"line":15,"column":24}},"14":{"start":{"line":16,"column":6},"end":{"line":26,"column":7}},"15":{"start":{"line":17,"column":8},"end":{"line":25,"column":9}},"16":{"start":{"line":18,"column":10},"end":{"line":18,"column":35}},"17":{"start":{"line":19,"column":10},"end":{"line":24,"column":11}},"18":{"start":{"line":20,"column":12},"end":{"line":20,"column":41}},"19":{"start":{"line":21,"column":12},"end":{"line":23,"column":13}},"20":{"start":{"line":22,"column":14},"end":{"line":22,"column":65}},"21":{"start":{"line":28,"column":4},"end":{"line":28,"column":65}},"22":{"start":{"line":29,"column":4},"end":{"line":45,"column":5}},"23":{"start":{"line":30,"column":6},"end":{"line":30,"column":30}},"24":{"start":{"line":31,"column":6},"end":{"line":31,"column":37}},"25":{"start":{"line":32,"column":6},"end":{"line":32,"column":56}},"26":{"start":{"line":32,"column":22},"end":{"line":32,"column":55}},"27":{"start":{"line":33,"column":6},"end":{"line":33,"column":45}},"28":{"start":{"line":34,"column":6},"end":{"line":39,"column":7}},"29":{"start":{"line":35,"column":8},"end":{"line":35,"column":61}},"30":{"start":{"line":37,"column":8},"end":{"line":37,"column":57}},"31":{"start":{"line":37,"column":19},"end":{"line":37,"column":56}},"32":{"start":{"line":38,"column":8},"end":{"line":38,"column":43}},"33":{"start":{"line":40,"column":6},"end":{"line":44,"column":7}},"34":{"start":{"line":41,"column":8},"end":{"line":41,"column":55}},"35":{"start":{"line":42,"column":8},"end":{"line":42,"column":27}},"36":{"start":{"line":43,"column":8},"end":{"line":43,"column":25}},"37":{"start":{"line":47,"column":4},"end":{"line":47,"column":15}}},"branchMap":{"1":{"line":13,"type":"if","locations":[{"start":{"line":13,"column":4},"end":{"line":13,"column":4}},{"start":{"line":13,"column":4},"end":{"line":13,"column":4}}]},"2":{"line":14,"type":"if","locations":[{"start":{"line":14,"column":4},"end":{"line":14,"column":4}},{"start":{"line":14,"column":4},"end":{"line":14,"column":4}}]},"3":{"line":14,"type":"binary-expr","locations":[{"start":{"line":14,"column":8},"end":{"line":14,"column":14}},{"start":{"line":14,"column":18},"end":{"line":14,"column":33}}]},"4":{"line":17,"type":"if","locations":[{"start":{"line":17,"column":8},"end":{"line":17,"column":8}},{"start":{"line":17,"column":8},"end":{"line":17,"column":8}}]},"5":{"line":19,"type":"if","locations":[{"start":{"line":19,"column":10},"end":{"line":19,"column":10}},{"start":{"line":19,"column":10},"end":{"line":19,"column":10}}]},"6":{"line":21,"type":"if","locations":[{"start":{"line":21,"column":12},"end":{"line":21,"column":12}},{"start":{"line":21,"column":12},"end":{"line":21,"column":12}}]},"7":{"line":29,"type":"if","locations":[{"start":{"line":29,"column":4},"end":{"line":29,"column":4}},{"start":{"line":29,"column":4},"end":{"line":29,"column":4}}]},"8":{"line":29,"type":"binary-expr","locations":[{"start":{"line":29,"column":8},"end":{"line":29,"column":15}},{"start":{"line":29,"column":19},"end":{"line":29,"column":35}}]},"9":{"line":32,"type":"if","locations":[{"start":{"line":32,"column":6},"end":{"line":32,"column":6}},{"start":{"line":32,"column":6},"end":{"line":32,"column":6}}]},"10":{"line":34,"type":"if","locations":[{"start":{"line":34,"column":6},"end":{"line":34,"column":6}},{"start":{"line":34,"column":6},"end":{"line":34,"column":6}}]},"11":{"line":37,"type":"if","locations":[{"start":{"line":37,"column":8},"end":{"line":37,"column":8}},{"start":{"line":37,"column":8},"end":{"line":37,"column":8}}]},"12":{"line":40,"type":"if","locations":[{"start":{"line":40,"column":6},"end":{"line":40,"column":6}},{"start":{"line":40,"column":6},"end":{"line":40,"column":6}}]},"13":{"line":40,"type":"binary-expr","locations":[{"start":{"line":40,"column":10},"end":{"line":40,"column":23}},{"start":{"line":40,"column":27},"end":{"line":40,"column":59}}]}}},"/Users/jimdebeer/dev/core/hub/lib/sync/subscription/serialize.js":{"path":"/Users/jimdebeer/dev/core/hub/lib/sync/subscription/serialize.js","s":{"1":1,"2":2,"3":1,"4":12,"5":12,"6":16,"7":16,"8":0,"9":16,"10":6,"11":10,"12":12},"b":{"1":[16,0],"2":[0,16],"3":[16,0],"4":[6,10],"5":[16,10]},"f":{"1":2,"2":12},"fnMap":{"1":{"name":"serializeSubscription","line":2,"loc":{"start":{"line":2,"column":17},"end":{"line":2,"column":62}}},"2":{"name":"parse","line":6,"loc":{"start":{"line":6,"column":0},"end":{"line":6,"column":27}}}},"statementMap":{"1":{"start":{"line":2,"column":0},"end":{"line":4,"column":1}},"2":{"start":{"line":3,"column":2},"end":{"line":3,"column":20}},"3":{"start":{"line":6,"column":0},"end":{"line":20,"column":1}},"4":{"start":{"line":7,"column":2},"end":{"line":7,"column":19}},"5":{"start":{"line":8,"column":2},"end":{"line":18,"column":3}},"6":{"start":{"line":9,"column":4},"end":{"line":17,"column":5}},"7":{"start":{"line":10,"column":6},"end":{"line":16,"column":7}},"8":{"start":{"line":11,"column":8},"end":{"line":11,"column":46}},"9":{"start":{"line":12,"column":13},"end":{"line":16,"column":7}},"10":{"start":{"line":13,"column":8},"end":{"line":13,"column":26}},"11":{"start":{"line":15,"column":8},"end":{"line":15,"column":33}},"12":{"start":{"line":19,"column":2},"end":{"line":19,"column":15}}},"branchMap":{"1":{"line":9,"type":"if","locations":[{"start":{"line":9,"column":4},"end":{"line":9,"column":4}},{"start":{"line":9,"column":4},"end":{"line":9,"column":4}}]},"2":{"line":10,"type":"if","locations":[{"start":{"line":10,"column":6},"end":{"line":10,"column":6}},{"start":{"line":10,"column":6},"end":{"line":10,"column":6}}]},"3":{"line":10,"type":"binary-expr","locations":[{"start":{"line":10,"column":10},"end":{"line":10,"column":22}},{"start":{"line":10,"column":26},"end":{"line":10,"column":54}}]},"4":{"line":12,"type":"if","locations":[{"start":{"line":12,"column":13},"end":{"line":12,"column":13}},{"start":{"line":12,"column":13},"end":{"line":12,"column":13}}]},"5":{"line":12,"type":"binary-expr","locations":[{"start":{"line":12,"column":17},"end":{"line":12,"column":28}},{"start":{"line":12,"column":32},"end":{"line":12,"column":44}}]}}},"/Users/jimdebeer/dev/core/hub/lib/sync/subscription/parse.js":{"path":"/Users/jimdebeer/dev/core/hub/lib/sync/subscription/parse.js","s":{"1":1,"2":1,"3":0,"4":0,"5":1,"6":0,"7":0,"8":0,"9":0,"10":0,"11":0,"12":0,"13":0,"14":0,"15":0},"b":{"1":[0,0],"2":[0,0],"3":[0,0,0]},"f":{"1":0,"2":0},"fnMap":{"1":{"name":"(anonymous_1)","line":3,"loc":{"start":{"line":3,"column":17},"end":{"line":3,"column":33}}},"2":{"name":"parse","line":8,"loc":{"start":{"line":8,"column":0},"end":{"line":8,"column":21}}}},"statementMap":{"1":{"start":{"line":2,"column":0},"end":{"line":2,"column":21}},"2":{"start":{"line":3,"column":0},"end":{"line":6,"column":1}},"3":{"start":{"line":4,"column":2},"end":{"line":4,"column":20}},"4":{"start":{"line":5,"column":2},"end":{"line":5,"column":13}},"5":{"start":{"line":8,"column":0},"end":{"line":25,"column":1}},"6":{"start":{"line":9,"column":2},"end":{"line":9,"column":19}},"7":{"start":{"line":10,"column":2},"end":{"line":23,"column":3}},"8":{"start":{"line":11,"column":4},"end":{"line":17,"column":5}},"9":{"start":{"line":12,"column":6},"end":{"line":12,"column":22}},"10":{"start":{"line":13,"column":6},"end":{"line":13,"column":20}},"11":{"start":{"line":16,"column":6},"end":{"line":16,"column":46}},"12":{"start":{"line":18,"column":4},"end":{"line":22,"column":5}},"13":{"start":{"line":19,"column":6},"end":{"line":19,"column":24}},"14":{"start":{"line":21,"column":6},"end":{"line":21,"column":31}},"15":{"start":{"line":24,"column":2},"end":{"line":24,"column":15}}},"branchMap":{"1":{"line":11,"type":"if","locations":[{"start":{"line":11,"column":4},"end":{"line":11,"column":4}},{"start":{"line":11,"column":4},"end":{"line":11,"column":4}}]},"2":{"line":18,"type":"if","locations":[{"start":{"line":18,"column":4},"end":{"line":18,"column":4}},{"start":{"line":18,"column":4},"end":{"line":18,"column":4}}]},"3":{"line":18,"type":"binary-expr","locations":[{"start":{"line":18,"column":8},"end":{"line":18,"column":19}},{"start":{"line":18,"column":23},"end":{"line":18,"column":35}},{"start":{"line":18,"column":39},"end":{"line":18,"column":51}}]}}},"/Users/jimdebeer/dev/core/hub/lib/sync/subscription/send.js":{"path":"/Users/jimdebeer/dev/core/hub/lib/sync/subscription/send.js","s":{"1":1,"2":1,"3":1,"4":0,"5":0,"6":0,"7":0,"8":0,"9":0,"10":0,"11":0,"12":0},"b":{"1":[0,0],"2":[0,0],"3":[0,0],"4":[0,0]},"f":{"1":0},"fnMap":{"1":{"name":"(anonymous_1)","line":5,"loc":{"start":{"line":5,"column":17},"end":{"line":5,"column":74}}}},"statementMap":{"1":{"start":{"line":2,"column":0},"end":{"line":2,"column":21}},"2":{"start":{"line":3,"column":0},"end":{"line":3,"column":44}},"3":{"start":{"line":5,"column":0},"end":{"line":25,"column":1}},"4":{"start":{"line":6,"column":2},"end":{"line":24,"column":3}},"5":{"start":{"line":7,"column":4},"end":{"line":7,"column":34}},"6":{"start":{"line":8,"column":4},"end":{"line":22,"column":5}},"7":{"start":{"line":9,"column":6},"end":{"line":9,"column":25}},"8":{"start":{"line":10,"column":6},"end":{"line":21,"column":8}},"9":{"start":{"line":12,"column":8},"end":{"line":19,"column":9}},"10":{"start":{"line":15,"column":10},"end":{"line":18,"column":13}},"11":{"start":{"line":20,"column":8},"end":{"line":20,"column":29}},"12":{"start":{"line":23,"column":4},"end":{"line":23,"column":72}}},"branchMap":{"1":{"line":6,"type":"if","locations":[{"start":{"line":6,"column":2},"end":{"line":6,"column":2}},{"start":{"line":6,"column":2},"end":{"line":6,"column":2}}]},"2":{"line":8,"type":"if","locations":[{"start":{"line":8,"column":4},"end":{"line":8,"column":4}},{"start":{"line":8,"column":4},"end":{"line":8,"column":4}}]},"3":{"line":12,"type":"if","locations":[{"start":{"line":12,"column":8},"end":{"line":12,"column":8}},{"start":{"line":12,"column":8},"end":{"line":12,"column":8}}]},"4":{"line":12,"type":"binary-expr","locations":[{"start":{"line":12,"column":12},"end":{"line":12,"column":31}},{"start":{"line":12,"column":35},"end":{"line":12,"column":48}}]}}},"/Users/jimdebeer/dev/core/hub/lib/serialize/index.js":{"path":"/Users/jimdebeer/dev/core/hub/lib/serialize/index.js","s":{"1":1,"2":1,"3":0,"4":0,"5":0,"6":0,"7":0,"8":0,"9":0,"10":0,"11":0,"12":0,"13":0,"14":0,"15":0,"16":0,"17":0,"18":0},"b":{"1":[0,0],"2":[0,0],"3":[0,0],"4":[0,0]},"f":{"1":0},"fnMap":{"1":{"name":"serialize","line":5,"loc":{"start":{"line":5,"column":17},"end":{"line":5,"column":86}}}},"statementMap":{"1":{"start":{"line":2,"column":0},"end":{"line":2,"column":37}},"2":{"start":{"line":5,"column":0},"end":{"line":24,"column":1}},"3":{"start":{"line":6,"column":2},"end":{"line":6,"column":16}},"4":{"start":{"line":7,"column":2},"end":{"line":7,"column":42}},"5":{"start":{"line":8,"column":2},"end":{"line":8,"column":25}},"6":{"start":{"line":9,"column":2},"end":{"line":9,"column":18}},"7":{"start":{"line":10,"column":2},"end":{"line":12,"column":3}},"8":{"start":{"line":11,"column":4},"end":{"line":11,"column":33}},"9":{"start":{"line":13,"column":2},"end":{"line":22,"column":3}},"10":{"start":{"line":14,"column":4},"end":{"line":14,"column":21}},"11":{"start":{"line":15,"column":4},"end":{"line":15,"column":30}},"12":{"start":{"line":17,"column":4},"end":{"line":20,"column":63}},"13":{"start":{"line":18,"column":6},"end":{"line":18,"column":71}},"14":{"start":{"line":19,"column":6},"end":{"line":19,"column":68}},"15":{"start":{"line":20,"column":11},"end":{"line":20,"column":63}},"16":{"start":{"line":20,"column":39},"end":{"line":20,"column":62}},"17":{"start":{"line":21,"column":4},"end":{"line":21,"column":30}},"18":{"start":{"line":23,"column":2},"end":{"line":23,"column":18}}},"branchMap":{"1":{"line":13,"type":"if","locations":[{"start":{"line":13,"column":2},"end":{"line":13,"column":2}},{"start":{"line":13,"column":2},"end":{"line":13,"column":2}}]},"2":{"line":17,"type":"if","locations":[{"start":{"line":17,"column":4},"end":{"line":17,"column":4}},{"start":{"line":17,"column":4},"end":{"line":17,"column":4}}]},"3":{"line":17,"type":"binary-expr","locations":[{"start":{"line":17,"column":8},"end":{"line":17,"column":17}},{"start":{"line":17,"column":21},"end":{"line":17,"column":37}}]},"4":{"line":20,"type":"if","locations":[{"start":{"line":20,"column":11},"end":{"line":20,"column":11}},{"start":{"line":20,"column":11},"end":{"line":20,"column":11}}]}}},"/Users/jimdebeer/dev/core/hub/lib/upstream/client.js":{"path":"/Users/jimdebeer/dev/core/hub/lib/upstream/client.js","s":{"1":1,"2":0,"3":0,"4":0,"5":0,"6":0,"7":0,"8":0,"9":0,"10":0,"11":0},"b":{"1":[0,0],"2":[0,0],"3":[0,0],"4":[0,0],"5":[0,0]},"f":{"1":0},"fnMap":{"1":{"name":"upstreamClient","line":3,"loc":{"start":{"line":3,"column":17},"end":{"line":3,"column":54}}}},"statementMap":{"1":{"start":{"line":3,"column":0},"end":{"line":18,"column":1}},"2":{"start":{"line":4,"column":2},"end":{"line":4,"column":23}},"3":{"start":{"line":5,"column":2},"end":{"line":7,"column":3}},"4":{"start":{"line":6,"column":4},"end":{"line":6,"column":26}},"5":{"start":{"line":8,"column":2},"end":{"line":8,"column":45}},"6":{"start":{"line":9,"column":2},"end":{"line":14,"column":3}},"7":{"start":{"line":10,"column":4},"end":{"line":10,"column":39}},"8":{"start":{"line":11,"column":4},"end":{"line":13,"column":5}},"9":{"start":{"line":12,"column":6},"end":{"line":12,"column":36}},"10":{"start":{"line":15,"column":2},"end":{"line":17,"column":3}},"11":{"start":{"line":16,"column":4},"end":{"line":16,"column":50}}},"branchMap":{"1":{"line":5,"type":"if","locations":[{"start":{"line":5,"column":2},"end":{"line":5,"column":2}},{"start":{"line":5,"column":2},"end":{"line":5,"column":2}}]},"2":{"line":9,"type":"if","locations":[{"start":{"line":9,"column":2},"end":{"line":9,"column":2}},{"start":{"line":9,"column":2},"end":{"line":9,"column":2}}]},"3":{"line":11,"type":"if","locations":[{"start":{"line":11,"column":4},"end":{"line":11,"column":4}},{"start":{"line":11,"column":4},"end":{"line":11,"column":4}}]},"4":{"line":11,"type":"binary-expr","locations":[{"start":{"line":11,"column":8},"end":{"line":11,"column":26}},{"start":{"line":11,"column":30},"end":{"line":11,"column":46}}]},"5":{"line":15,"type":"if","locations":[{"start":{"line":15,"column":2},"end":{"line":15,"column":2}},{"start":{"line":15,"column":2},"end":{"line":15,"column":2}}]}}},"/Users/jimdebeer/dev/core/hub/lib/upstream/send.js":{"path":"/Users/jimdebeer/dev/core/hub/lib/upstream/send.js","s":{"1":1,"2":0,"3":0,"4":0,"5":0,"6":0,"7":0},"b":{"1":[0,0],"2":[0,0]},"f":{"1":0},"fnMap":{"1":{"name":"sendUpstream","line":3,"loc":{"start":{"line":3,"column":17},"end":{"line":3,"column":45}}}},"statementMap":{"1":{"start":{"line":3,"column":0},"end":{"line":11,"column":1}},"2":{"start":{"line":4,"column":2},"end":{"line":9,"column":3}},"3":{"start":{"line":5,"column":4},"end":{"line":7,"column":5}},"4":{"start":{"line":6,"column":6},"end":{"line":6,"column":81}},"5":{"start":{"line":6,"column":30},"end":{"line":6,"column":80}},"6":{"start":{"line":8,"column":4},"end":{"line":8,"column":48}},"7":{"start":{"line":10,"column":2},"end":{"line":10,"column":18}}},"branchMap":{"1":{"line":4,"type":"if","locations":[{"start":{"line":4,"column":2},"end":{"line":4,"column":2}},{"start":{"line":4,"column":2},"end":{"line":4,"column":2}}]},"2":{"line":6,"type":"if","locations":[{"start":{"line":6,"column":6},"end":{"line":6,"column":6}},{"start":{"line":6,"column":6},"end":{"line":6,"column":6}}]}}},"/Users/jimdebeer/dev/core/hub/lib/sync/set.js":{"path":"/Users/jimdebeer/dev/core/hub/lib/sync/set.js","s":{"1":1,"2":1,"3":1,"4":1,"5":1,"6":48,"7":48,"8":48,"9":31,"10":0,"11":0,"12":0,"13":0,"14":48,"15":2,"16":0,"17":0,"18":0,"19":0,"20":48,"21":48,"22":0,"23":0,"24":48},"b":{"1":[31,17],"2":[0,31],"3":[0,0],"4":[2,46],"5":[48,16],"6":[0,2],"7":[0,0],"8":[0,0],"9":[0,48]},"f":{"1":48},"fnMap":{"1":{"name":"(anonymous_1)","line":8,"loc":{"start":{"line":8,"column":8},"end":{"line":8,"column":44}}}},"statementMap":{"1":{"start":{"line":1,"column":0},"end":{"line":1,"column":12}},"2":{"start":{"line":2,"column":0},"end":{"line":2,"column":38}},"3":{"start":{"line":3,"column":0},"end":{"line":3,"column":43}},"4":{"start":{"line":4,"column":0},"end":{"line":4,"column":16}},"5":{"start":{"line":6,"column":0},"end":{"line":41,"column":1}},"6":{"start":{"line":9,"column":6},"end":{"line":9,"column":17}},"7":{"start":{"line":10,"column":6},"end":{"line":10,"column":28}},"8":{"start":{"line":11,"column":6},"end":{"line":19,"column":7}},"9":{"start":{"line":12,"column":8},"end":{"line":18,"column":9}},"10":{"start":{"line":13,"column":10},"end":{"line":13,"column":27}},"11":{"start":{"line":14,"column":10},"end":{"line":17,"column":11}},"12":{"start":{"line":15,"column":12},"end":{"line":15,"column":31}},"13":{"start":{"line":16,"column":12},"end":{"line":16,"column":26}},"14":{"start":{"line":20,"column":6},"end":{"line":30,"column":7}},"15":{"start":{"line":21,"column":8},"end":{"line":29,"column":9}},"16":{"start":{"line":22,"column":10},"end":{"line":28,"column":11}},"17":{"start":{"line":24,"column":12},"end":{"line":24,"column":18}},"18":{"start":{"line":25,"column":17},"end":{"line":28,"column":11}},"19":{"start":{"line":27,"column":12},"end":{"line":27,"column":26}},"20":{"start":{"line":32,"column":6},"end":{"line":32,"column":66}},"21":{"start":{"line":33,"column":6},"end":{"line":36,"column":7}},"22":{"start":{"line":34,"column":8},"end":{"line":34,"column":27}},"23":{"start":{"line":35,"column":8},"end":{"line":35,"column":27}},"24":{"start":{"line":37,"column":6},"end":{"line":37,"column":20}}},"branchMap":{"1":{"line":11,"type":"if","locations":[{"start":{"line":11,"column":6},"end":{"line":11,"column":6}},{"start":{"line":11,"column":6},"end":{"line":11,"column":6}}]},"2":{"line":12,"type":"if","locations":[{"start":{"line":12,"column":8},"end":{"line":12,"column":8}},{"start":{"line":12,"column":8},"end":{"line":12,"column":8}}]},"3":{"line":14,"type":"if","locations":[{"start":{"line":14,"column":10},"end":{"line":14,"column":10}},{"start":{"line":14,"column":10},"end":{"line":14,"column":10}}]},"4":{"line":20,"type":"if","locations":[{"start":{"line":20,"column":6},"end":{"line":20,"column":6}},{"start":{"line":20,"column":6},"end":{"line":20,"column":6}}]},"5":{"line":20,"type":"binary-expr","locations":[{"start":{"line":20,"column":10},"end":{"line":20,"column":15}},{"start":{"line":20,"column":19},"end":{"line":20,"column":29}}]},"6":{"line":21,"type":"if","locations":[{"start":{"line":21,"column":8},"end":{"line":21,"column":8}},{"start":{"line":21,"column":8},"end":{"line":21,"column":8}}]},"7":{"line":22,"type":"if","locations":[{"start":{"line":22,"column":10},"end":{"line":22,"column":10}},{"start":{"line":22,"column":10},"end":{"line":22,"column":10}}]},"8":{"line":25,"type":"if","locations":[{"start":{"line":25,"column":17},"end":{"line":25,"column":17}},{"start":{"line":25,"column":17},"end":{"line":25,"column":17}}]},"9":{"line":33,"type":"if","locations":[{"start":{"line":33,"column":6},"end":{"line":33,"column":6}},{"start":{"line":33,"column":6},"end":{"line":33,"column":6}}]}}},"/Users/jimdebeer/dev/core/hub/lib/sync/sync.js":{"path":"/Users/jimdebeer/dev/core/hub/lib/sync/sync.js","s":{"1":1,"2":3,"3":1,"4":1},"b":{},"f":{"1":3},"fnMap":{"1":{"name":"(anonymous_1)","line":8,"loc":{"start":{"line":8,"column":7},"end":{"line":8,"column":13}}}},"statementMap":{"1":{"start":{"line":5,"column":0},"end":{"line":14,"column":1}},"2":{"start":{"line":9,"column":4},"end":{"line":12,"column":13}},"3":{"start":{"line":16,"column":0},"end":{"line":16,"column":21}},"4":{"start":{"line":17,"column":0},"end":{"line":17,"column":23}}},"branchMap":{}},"/Users/jimdebeer/dev/core/hub/lib/client.js":{"path":"/Users/jimdebeer/dev/core/hub/lib/client.js","s":{"1":1,"2":1},"b":{},"f":{},"fnMap":{},"statementMap":{"1":{"start":{"line":2,"column":0},"end":{"line":2,"column":30}},"2":{"start":{"line":5,"column":0},"end":{"line":14,"column":21}}},"branchMap":{}},"/Users/jimdebeer/dev/core/hub/lib/clients.js":{"path":"/Users/jimdebeer/dev/core/hub/lib/clients.js","s":{"1":1},"b":{},"f":{},"fnMap":{},"statementMap":{"1":{"start":{"line":3,"column":0},"end":{"line":7,"column":1}}},"branchMap":{}},"/Users/jimdebeer/dev/core/hub/lib/upstream/index.js":{"path":"/Users/jimdebeer/dev/core/hub/lib/upstream/index.js","s":{"1":1,"2":1,"3":1,"4":1,"5":1,"6":1,"7":2,"8":2,"9":2,"10":0,"11":0,"12":0,"13":0,"14":0,"15":2,"16":2,"17":2,"18":2,"19":2,"20":0,"21":0,"22":0,"23":0,"24":0,"25":2,"26":2,"27":0,"28":0,"29":1,"30":6,"31":6,"32":6,"33":0,"34":0,"35":0,"36":0},"b":{"1":[0,2],"2":[0,0],"3":[2,0],"4":[0,2],"5":[2,2],"6":[0,0],"7":[0,0],"8":[0,0],"9":[0,0,0],"10":[0,2],"11":[2,0],"12":[6,0],"13":[6,0],"14":[6,6],"15":[0,0]},"f":{"1":2,"2":2,"3":2,"4":6},"fnMap":{"1":{"name":"(anonymous_1)","line":16,"loc":{"start":{"line":16,"column":16},"end":{"line":16,"column":30}}},"2":{"name":"(anonymous_2)","line":42,"loc":{"start":{"line":42,"column":16},"end":{"line":42,"column":29}}},"3":{"name":"(anonymous_3)","line":59,"loc":{"start":{"line":59,"column":14},"end":{"line":59,"column":27}}},"4":{"name":"(anonymous_4)","line":72,"loc":{"start":{"line":72,"column":9},"end":{"line":72,"column":29}}}},"statementMap":{"1":{"start":{"line":2,"column":0},"end":{"line":2,"column":38}},"2":{"start":{"line":3,"column":0},"end":{"line":3,"column":34}},"3":{"start":{"line":4,"column":0},"end":{"line":4,"column":30}},"4":{"start":{"line":5,"column":0},"end":{"line":5,"column":36}},"5":{"start":{"line":6,"column":0},"end":{"line":6,"column":32}},"6":{"start":{"line":8,"column":0},"end":{"line":69,"column":1}},"7":{"start":{"line":17,"column":10},"end":{"line":17,"column":36}},"8":{"start":{"line":18,"column":10},"end":{"line":18,"column":36}},"9":{"start":{"line":19,"column":10},"end":{"line":31,"column":11}},"10":{"start":{"line":25,"column":12},"end":{"line":28,"column":13}},"11":{"start":{"line":26,"column":14},"end":{"line":26,"column":41}},"12":{"start":{"line":27,"column":14},"end":{"line":27,"column":34}},"13":{"start":{"line":29,"column":12},"end":{"line":29,"column":46}},"14":{"start":{"line":30,"column":12},"end":{"line":30,"column":32}},"15":{"start":{"line":32,"column":10},"end":{"line":32,"column":46}},"16":{"start":{"line":33,"column":10},"end":{"line":33,"column":44}},"17":{"start":{"line":33,"column":21},"end":{"line":33,"column":43}},"18":{"start":{"line":43,"column":10},"end":{"line":43,"column":36}},"19":{"start":{"line":44,"column":10},"end":{"line":57,"column":11}},"20":{"start":{"line":45,"column":12},"end":{"line":45,"column":39}},"21":{"start":{"line":46,"column":12},"end":{"line":56,"column":13}},"22":{"start":{"line":47,"column":14},"end":{"line":55,"column":16}},"23":{"start":{"line":48,"column":16},"end":{"line":54,"column":17}},"24":{"start":{"line":53,"column":18},"end":{"line":53,"column":38}},"25":{"start":{"line":60,"column":10},"end":{"line":60,"column":36}},"26":{"start":{"line":61,"column":10},"end":{"line":64,"column":11}},"27":{"start":{"line":62,"column":12},"end":{"line":62,"column":30}},"28":{"start":{"line":63,"column":12},"end":{"line":63,"column":21}},"29":{"start":{"line":71,"column":0},"end":{"line":84,"column":1}},"30":{"start":{"line":73,"column":4},"end":{"line":82,"column":5}},"31":{"start":{"line":74,"column":6},"end":{"line":81,"column":7}},"32":{"start":{"line":75,"column":8},"end":{"line":75,"column":53}},"33":{"start":{"line":77,"column":8},"end":{"line":77,"column":53}},"34":{"start":{"line":78,"column":8},"end":{"line":80,"column":9}},"35":{"start":{"line":79,"column":10},"end":{"line":79,"column":44}},"36":{"start":{"line":79,"column":33},"end":{"line":79,"column":43}}},"branchMap":{"1":{"line":19,"type":"if","locations":[{"start":{"line":19,"column":10},"end":{"line":19,"column":10}},{"start":{"line":19,"column":10},"end":{"line":19,"column":10}}]},"2":{"line":25,"type":"if","locations":[{"start":{"line":25,"column":12},"end":{"line":25,"column":12}},{"start":{"line":25,"column":12},"end":{"line":25,"column":12}}]},"3":{"line":33,"type":"if","locations":[{"start":{"line":33,"column":10},"end":{"line":33,"column":10}},{"start":{"line":33,"column":10},"end":{"line":33,"column":10}}]},"4":{"line":44,"type":"if","locations":[{"start":{"line":44,"column":10},"end":{"line":44,"column":10}},{"start":{"line":44,"column":10},"end":{"line":44,"column":10}}]},"5":{"line":44,"type":"binary-expr","locations":[{"start":{"line":44,"column":14},"end":{"line":44,"column":38}},{"start":{"line":44,"column":42},"end":{"line":44,"column":54}}]},"6":{"line":46,"type":"if","locations":[{"start":{"line":46,"column":12},"end":{"line":46,"column":12}},{"start":{"line":46,"column":12},"end":{"line":46,"column":12}}]},"7":{"line":46,"type":"binary-expr","locations":[{"start":{"line":46,"column":16},"end":{"line":46,"column":23}},{"start":{"line":46,"column":27},"end":{"line":46,"column":52}}]},"8":{"line":48,"type":"if","locations":[{"start":{"line":48,"column":16},"end":{"line":48,"column":16}},{"start":{"line":48,"column":16},"end":{"line":48,"column":16}}]},"9":{"line":49,"type":"binary-expr","locations":[{"start":{"line":49,"column":18},"end":{"line":49,"column":37}},{"start":{"line":50,"column":18},"end":{"line":50,"column":32}},{"start":{"line":51,"column":18},"end":{"line":51,"column":38}}]},"10":{"line":61,"type":"if","locations":[{"start":{"line":61,"column":10},"end":{"line":61,"column":10}},{"start":{"line":61,"column":10},"end":{"line":61,"column":10}}]},"11":{"line":61,"type":"binary-expr","locations":[{"start":{"line":61,"column":14},"end":{"line":61,"column":37}},{"start":{"line":61,"column":41},"end":{"line":61,"column":53}}]},"12":{"line":73,"type":"if","locations":[{"start":{"line":73,"column":4},"end":{"line":73,"column":4}},{"start":{"line":73,"column":4},"end":{"line":73,"column":4}}]},"13":{"line":74,"type":"if","locations":[{"start":{"line":74,"column":6},"end":{"line":74,"column":6}},{"start":{"line":74,"column":6},"end":{"line":74,"column":6}}]},"14":{"line":74,"type":"binary-expr","locations":[{"start":{"line":74,"column":10},"end":{"line":74,"column":25}},{"start":{"line":74,"column":29},"end":{"line":74,"column":54}}]},"15":{"line":78,"type":"if","locations":[{"start":{"line":78,"column":8},"end":{"line":78,"column":8}},{"start":{"line":78,"column":8},"end":{"line":78,"column":8}}]}}},"/Users/jimdebeer/dev/core/hub/lib/upstream/connect/index.js":{"path":"/Users/jimdebeer/dev/core/hub/lib/upstream/connect/index.js","s":{"1":1,"2":1,"3":1,"4":1,"5":2,"6":2,"7":2,"8":2,"9":2,"10":2,"11":0,"12":2,"13":0,"14":2,"15":0,"16":0,"17":0,"18":0,"19":0,"20":0,"21":0,"22":0,"23":0,"24":0,"25":0,"26":0,"27":0,"28":0,"29":0,"30":2,"31":0,"32":0,"33":2,"34":0,"35":0,"36":0,"37":0,"38":0,"39":0,"40":0,"41":0,"42":0,"43":0,"44":2},"b":{"1":[0,0],"2":[0,0],"3":[0,0],"4":[0,0],"5":[0,0],"6":[0,0],"7":[0,0],"8":[0,0],"9":[0,0]},"f":{"1":2},"fnMap":{"1":{"name":"connect","line":9,"loc":{"start":{"line":9,"column":17},"end":{"line":9,"column":56}}}},"statementMap":{"1":{"start":{"line":3,"column":0},"end":{"line":3,"column":50}},"2":{"start":{"line":4,"column":0},"end":{"line":4,"column":38}},"3":{"start":{"line":5,"column":0},"end":{"line":5,"column":44}},"4":{"start":{"line":9,"column":0},"end":{"line":67,"column":1}},"5":{"start":{"line":10,"column":2},"end":{"line":10,"column":34}},"6":{"start":{"line":11,"column":2},"end":{"line":11,"column":19}},"7":{"start":{"line":12,"column":2},"end":{"line":12,"column":51}},"8":{"start":{"line":13,"column":2},"end":{"line":13,"column":45}},"9":{"start":{"line":14,"column":2},"end":{"line":14,"column":22}},"10":{"start":{"line":17,"column":2},"end":{"line":21,"column":4}},"11":{"start":{"line":18,"column":26},"end":{"line":20,"column":7}},"12":{"start":{"line":22,"column":2},"end":{"line":22,"column":39}},"13":{"start":{"line":22,"column":25},"end":{"line":22,"column":39}},"14":{"start":{"line":23,"column":2},"end":{"line":46,"column":3}},"15":{"start":{"line":24,"column":4},"end":{"line":24,"column":32}},"16":{"start":{"line":25,"column":4},"end":{"line":45,"column":5}},"17":{"start":{"line":27,"column":6},"end":{"line":27,"column":55}},"18":{"start":{"line":28,"column":6},"end":{"line":38,"column":7}},"19":{"start":{"line":29,"column":8},"end":{"line":31,"column":9}},"20":{"start":{"line":30,"column":10},"end":{"line":30,"column":42}},"21":{"start":{"line":32,"column":8},"end":{"line":32,"column":30}},"22":{"start":{"line":33,"column":8},"end":{"line":33,"column":46}},"23":{"start":{"line":34,"column":8},"end":{"line":34,"column":43}},"24":{"start":{"line":35,"column":8},"end":{"line":35,"column":27}},"25":{"start":{"line":37,"column":8},"end":{"line":37,"column":30}},"26":{"start":{"line":39,"column":6},"end":{"line":41,"column":7}},"27":{"start":{"line":40,"column":8},"end":{"line":40,"column":58}},"28":{"start":{"line":43,"column":6},"end":{"line":43,"column":37}},"29":{"start":{"line":44,"column":6},"end":{"line":44,"column":30}},"30":{"start":{"line":47,"column":2},"end":{"line":50,"column":3}},"31":{"start":{"line":48,"column":4},"end":{"line":48,"column":24}},"32":{"start":{"line":49,"column":4},"end":{"line":49,"column":19}},"33":{"start":{"line":51,"column":2},"end":{"line":65,"column":3}},"34":{"start":{"line":52,"column":4},"end":{"line":52,"column":18}},"35":{"start":{"line":53,"column":4},"end":{"line":55,"column":5}},"36":{"start":{"line":54,"column":6},"end":{"line":54,"column":36}},"37":{"start":{"line":56,"column":4},"end":{"line":64,"column":5}},"38":{"start":{"line":57,"column":6},"end":{"line":57,"column":47}},"39":{"start":{"line":58,"column":6},"end":{"line":58,"column":42}},"40":{"start":{"line":59,"column":6},"end":{"line":59,"column":25}},"41":{"start":{"line":60,"column":6},"end":{"line":63,"column":7}},"42":{"start":{"line":61,"column":8},"end":{"line":61,"column":57}},"43":{"start":{"line":62,"column":8},"end":{"line":62,"column":75}},"44":{"start":{"line":66,"column":2},"end":{"line":66,"column":23}}},"branchMap":{"1":{"line":25,"type":"if","locations":[{"start":{"line":25,"column":4},"end":{"line":25,"column":4}},{"start":{"line":25,"column":4},"end":{"line":25,"column":4}}]},"2":{"line":25,"type":"binary-expr","locations":[{"start":{"line":25,"column":8},"end":{"line":25,"column":12}},{"start":{"line":25,"column":16},"end":{"line":25,"column":37}}]},"3":{"line":28,"type":"if","locations":[{"start":{"line":28,"column":6},"end":{"line":28,"column":6}},{"start":{"line":28,"column":6},"end":{"line":28,"column":6}}]},"4":{"line":29,"type":"if","locations":[{"start":{"line":29,"column":8},"end":{"line":29,"column":8}},{"start":{"line":29,"column":8},"end":{"line":29,"column":8}}]},"5":{"line":39,"type":"if","locations":[{"start":{"line":39,"column":6},"end":{"line":39,"column":6}},{"start":{"line":39,"column":6},"end":{"line":39,"column":6}}]},"6":{"line":40,"type":"cond-expr","locations":[{"start":{"line":40,"column":48},"end":{"line":40,"column":54}},{"start":{"line":40,"column":57},"end":{"line":40,"column":58}}]},"7":{"line":53,"type":"if","locations":[{"start":{"line":53,"column":4},"end":{"line":53,"column":4}},{"start":{"line":53,"column":4},"end":{"line":53,"column":4}}]},"8":{"line":56,"type":"if","locations":[{"start":{"line":56,"column":4},"end":{"line":56,"column":4}},{"start":{"line":56,"column":4},"end":{"line":56,"column":4}}]},"9":{"line":60,"type":"if","locations":[{"start":{"line":60,"column":6},"end":{"line":60,"column":6}},{"start":{"line":60,"column":6},"end":{"line":60,"column":6}}]}}},"/Users/jimdebeer/dev/core/hub/lib/upstream/queue.js":{"path":"/Users/jimdebeer/dev/core/hub/lib/upstream/queue.js","s":{"1":1,"2":1,"3":6,"4":0,"5":0,"6":6,"7":0,"8":6,"9":2,"10":6,"11":6,"12":6,"13":6,"14":6,"15":6,"16":2,"17":2,"18":0,"19":0,"20":2,"21":0,"22":2,"23":2,"24":4,"25":4,"26":4,"27":0,"28":0,"29":0,"30":0,"31":0,"32":0,"33":0,"34":0,"35":0,"36":4,"37":4,"38":4,"39":0,"40":0,"41":0,"42":0,"43":4,"44":0,"45":4,"46":1,"47":0,"48":0,"49":0,"50":0,"51":0,"52":0,"53":0,"54":0,"55":0,"56":0,"57":0,"58":0,"59":0,"60":0,"61":0,"62":0,"63":0,"64":0,"65":1,"66":6,"67":0,"68":0,"69":0,"70":0,"71":0,"72":0,"73":6},"b":{"1":[0,6],"2":[6,6,6,0],"3":[0,6],"4":[2,4],"5":[2,4],"6":[0,2],"7":[0,0],"8":[0,0],"9":[0,0],"10":[0,0],"11":[0,0],"12":[0,0],"13":[4,0],"14":[0,4],"15":[4,4],"16":[0,0],"17":[0,0],"18":[0,0],"19":[0,4],"20":[0,0],"21":[0,0],"22":[0,0],"23":[0,0],"24":[0,0,0],"25":[0,0],"26":[0,0],"27":[0,0],"28":[0,0],"29":[0,0],"30":[0,0,0],"31":[0,6],"32":[6,6],"33":[0,0]},"f":{"1":6,"2":0,"3":6},"fnMap":{"1":{"name":"(anonymous_1)","line":4,"loc":{"start":{"line":4,"column":17},"end":{"line":4,"column":59}}},"2":{"name":"mergePayload","line":77,"loc":{"start":{"line":77,"column":0},"end":{"line":77,"column":36}}},"3":{"name":"createPayload","line":109,"loc":{"start":{"line":109,"column":0},"end":{"line":109,"column":29}}}},"statementMap":{"1":{"start":{"line":2,"column":0},"end":{"line":2,"column":47}},"2":{"start":{"line":4,"column":0},"end":{"line":75,"column":1}},"3":{"start":{"line":6,"column":2},"end":{"line":10,"column":3}},"4":{"start":{"line":8,"column":4},"end":{"line":8,"column":40}},"5":{"start":{"line":9,"column":4},"end":{"line":9,"column":10}},"6":{"start":{"line":13,"column":2},"end":{"line":13,"column":34}},"7":{"start":{"line":13,"column":26},"end":{"line":13,"column":33}},"8":{"start":{"line":14,"column":2},"end":{"line":14,"column":36}},"9":{"start":{"line":14,"column":20},"end":{"line":14,"column":35}},"10":{"start":{"line":15,"column":2},"end":{"line":15,"column":25}},"11":{"start":{"line":16,"column":2},"end":{"line":16,"column":42}},"12":{"start":{"line":17,"column":2},"end":{"line":17,"column":30}},"13":{"start":{"line":19,"column":2},"end":{"line":19,"column":27}},"14":{"start":{"line":20,"column":2},"end":{"line":20,"column":12}},"15":{"start":{"line":21,"column":2},"end":{"line":74,"column":3}},"16":{"start":{"line":22,"column":4},"end":{"line":22,"column":39}},"17":{"start":{"line":23,"column":4},"end":{"line":26,"column":5}},"18":{"start":{"line":24,"column":6},"end":{"line":24,"column":45}},"19":{"start":{"line":25,"column":6},"end":{"line":25,"column":28}},"20":{"start":{"line":27,"column":4},"end":{"line":29,"column":5}},"21":{"start":{"line":28,"column":6},"end":{"line":28,"column":35}},"22":{"start":{"line":30,"column":4},"end":{"line":30,"column":43}},"23":{"start":{"line":31,"column":4},"end":{"line":31,"column":15}},"24":{"start":{"line":33,"column":4},"end":{"line":33,"column":19}},"25":{"start":{"line":34,"column":4},"end":{"line":34,"column":12}},"26":{"start":{"line":38,"column":4},"end":{"line":56,"column":5}},"27":{"start":{"line":39,"column":6},"end":{"line":55,"column":7}},"28":{"start":{"line":40,"column":8},"end":{"line":52,"column":9}},"29":{"start":{"line":41,"column":10},"end":{"line":45,"column":11}},"30":{"start":{"line":42,"column":12},"end":{"line":42,"column":23}},"31":{"start":{"line":44,"column":12},"end":{"line":44,"column":63}},"32":{"start":{"line":47,"column":10},"end":{"line":51,"column":11}},"33":{"start":{"line":48,"column":12},"end":{"line":48,"column":23}},"34":{"start":{"line":50,"column":12},"end":{"line":50,"column":36}},"35":{"start":{"line":54,"column":8},"end":{"line":54,"column":37}},"36":{"start":{"line":57,"column":4},"end":{"line":73,"column":5}},"37":{"start":{"line":58,"column":6},"end":{"line":58,"column":42}},"38":{"start":{"line":59,"column":6},"end":{"line":72,"column":7}},"39":{"start":{"line":60,"column":8},"end":{"line":65,"column":9}},"40":{"start":{"line":61,"column":10},"end":{"line":63,"column":11}},"41":{"start":{"line":62,"column":12},"end":{"line":62,"column":67}},"42":{"start":{"line":64,"column":10},"end":{"line":64,"column":61}},"43":{"start":{"line":67,"column":8},"end":{"line":71,"column":9}},"44":{"start":{"line":68,"column":10},"end":{"line":68,"column":49}},"45":{"start":{"line":70,"column":10},"end":{"line":70,"column":63}},"46":{"start":{"line":77,"column":0},"end":{"line":107,"column":1}},"47":{"start":{"line":78,"column":2},"end":{"line":105,"column":3}},"48":{"start":{"line":79,"column":4},"end":{"line":96,"column":5}},"49":{"start":{"line":80,"column":6},"end":{"line":80,"column":58}},"50":{"start":{"line":81,"column":6},"end":{"line":85,"column":7}},"51":{"start":{"line":82,"column":8},"end":{"line":82,"column":24}},"52":{"start":{"line":84,"column":8},"end":{"line":84,"column":20}},"53":{"start":{"line":87,"column":6},"end":{"line":89,"column":7}},"54":{"start":{"line":88,"column":8},"end":{"line":88,"column":32}},"55":{"start":{"line":90,"column":6},"end":{"line":95,"column":7}},"56":{"start":{"line":91,"column":8},"end":{"line":93,"column":9}},"57":{"start":{"line":92,"column":10},"end":{"line":92,"column":24}},"58":{"start":{"line":94,"column":8},"end":{"line":94,"column":51}},"59":{"start":{"line":98,"column":4},"end":{"line":104,"column":5}},"60":{"start":{"line":99,"column":6},"end":{"line":99,"column":19}},"61":{"start":{"line":100,"column":11},"end":{"line":104,"column":5}},"62":{"start":{"line":101,"column":6},"end":{"line":101,"column":22}},"63":{"start":{"line":103,"column":6},"end":{"line":103,"column":18}},"64":{"start":{"line":106,"column":2},"end":{"line":106,"column":15}},"65":{"start":{"line":109,"column":0},"end":{"line":122,"column":1}},"66":{"start":{"line":110,"column":2},"end":{"line":121,"column":3}},"67":{"start":{"line":111,"column":4},"end":{"line":113,"column":5}},"68":{"start":{"line":112,"column":6},"end":{"line":112,"column":59}},"69":{"start":{"line":114,"column":4},"end":{"line":114,"column":21}},"70":{"start":{"line":115,"column":4},"end":{"line":117,"column":5}},"71":{"start":{"line":116,"column":6},"end":{"line":116,"column":39}},"72":{"start":{"line":118,"column":4},"end":{"line":118,"column":17}},"73":{"start":{"line":120,"column":4},"end":{"line":120,"column":14}}},"branchMap":{"1":{"line":6,"type":"if","locations":[{"start":{"line":6,"column":2},"end":{"line":6,"column":2}},{"start":{"line":6,"column":2},"end":{"line":6,"column":2}}]},"2":{"line":6,"type":"binary-expr","locations":[{"start":{"line":6,"column":6},"end":{"line":6,"column":9}},{"start":{"line":6,"column":13},"end":{"line":6,"column":22}},{"start":{"line":6,"column":26},"end":{"line":6,"column":43}},{"start":{"line":6,"column":47},"end":{"line":6,"column":63}}]},"3":{"line":13,"type":"if","locations":[{"start":{"line":13,"column":2},"end":{"line":13,"column":2}},{"start":{"line":13,"column":2},"end":{"line":13,"column":2}}]},"4":{"line":14,"type":"if","locations":[{"start":{"line":14,"column":2},"end":{"line":14,"column":2}},{"start":{"line":14,"column":2},"end":{"line":14,"column":2}}]},"5":{"line":21,"type":"if","locations":[{"start":{"line":21,"column":2},"end":{"line":21,"column":2}},{"start":{"line":21,"column":2},"end":{"line":21,"column":2}}]},"6":{"line":23,"type":"if","locations":[{"start":{"line":23,"column":4},"end":{"line":23,"column":4}},{"start":{"line":23,"column":4},"end":{"line":23,"column":4}}]},"7":{"line":39,"type":"if","locations":[{"start":{"line":39,"column":6},"end":{"line":39,"column":6}},{"start":{"line":39,"column":6},"end":{"line":39,"column":6}}]},"8":{"line":39,"type":"binary-expr","locations":[{"start":{"line":39,"column":10},"end":{"line":39,"column":25}},{"start":{"line":39,"column":29},"end":{"line":39,"column":55}}]},"9":{"line":40,"type":"if","locations":[{"start":{"line":40,"column":8},"end":{"line":40,"column":8}},{"start":{"line":40,"column":8},"end":{"line":40,"column":8}}]},"10":{"line":40,"type":"binary-expr","locations":[{"start":{"line":40,"column":12},"end":{"line":40,"column":28}},{"start":{"line":40,"column":32},"end":{"line":40,"column":67}}]},"11":{"line":41,"type":"if","locations":[{"start":{"line":41,"column":10},"end":{"line":41,"column":10}},{"start":{"line":41,"column":10},"end":{"line":41,"column":10}}]},"12":{"line":47,"type":"if","locations":[{"start":{"line":47,"column":10},"end":{"line":47,"column":10}},{"start":{"line":47,"column":10},"end":{"line":47,"column":10}}]},"13":{"line":57,"type":"if","locations":[{"start":{"line":57,"column":4},"end":{"line":57,"column":4}},{"start":{"line":57,"column":4},"end":{"line":57,"column":4}}]},"14":{"line":59,"type":"if","locations":[{"start":{"line":59,"column":6},"end":{"line":59,"column":6}},{"start":{"line":59,"column":6},"end":{"line":59,"column":6}}]},"15":{"line":59,"type":"binary-expr","locations":[{"start":{"line":59,"column":10},"end":{"line":59,"column":21}},{"start":{"line":59,"column":25},"end":{"line":59,"column":47}}]},"16":{"line":60,"type":"if","locations":[{"start":{"line":60,"column":8},"end":{"line":60,"column":8}},{"start":{"line":60,"column":8},"end":{"line":60,"column":8}}]},"17":{"line":61,"type":"if","locations":[{"start":{"line":61,"column":10},"end":{"line":61,"column":10}},{"start":{"line":61,"column":10},"end":{"line":61,"column":10}}]},"18":{"line":61,"type":"binary-expr","locations":[{"start":{"line":61,"column":14},"end":{"line":61,"column":26}},{"start":{"line":61,"column":30},"end":{"line":61,"column":61}}]},"19":{"line":67,"type":"if","locations":[{"start":{"line":67,"column":8},"end":{"line":67,"column":8}},{"start":{"line":67,"column":8},"end":{"line":67,"column":8}}]},"20":{"line":78,"type":"if","locations":[{"start":{"line":78,"column":2},"end":{"line":78,"column":2}},{"start":{"line":78,"column":2},"end":{"line":78,"column":2}}]},"21":{"line":78,"type":"binary-expr","locations":[{"start":{"line":78,"column":6},"end":{"line":78,"column":9}},{"start":{"line":78,"column":13},"end":{"line":78,"column":36}}]},"22":{"line":79,"type":"if","locations":[{"start":{"line":79,"column":4},"end":{"line":79,"column":4}},{"start":{"line":79,"column":4},"end":{"line":79,"column":4}}]},"23":{"line":81,"type":"if","locations":[{"start":{"line":81,"column":6},"end":{"line":81,"column":6}},{"start":{"line":81,"column":6},"end":{"line":81,"column":6}}]},"24":{"line":81,"type":"binary-expr","locations":[{"start":{"line":81,"column":10},"end":{"line":81,"column":16}},{"start":{"line":81,"column":20},"end":{"line":81,"column":46}},{"start":{"line":81,"column":50},"end":{"line":81,"column":66}}]},"25":{"line":87,"type":"if","locations":[{"start":{"line":87,"column":6},"end":{"line":87,"column":6}},{"start":{"line":87,"column":6},"end":{"line":87,"column":6}}]},"26":{"line":87,"type":"binary-expr","locations":[{"start":{"line":87,"column":10},"end":{"line":87,"column":17}},{"start":{"line":87,"column":21},"end":{"line":87,"column":47}}]},"27":{"line":91,"type":"if","locations":[{"start":{"line":91,"column":8},"end":{"line":91,"column":8}},{"start":{"line":91,"column":8},"end":{"line":91,"column":8}}]},"28":{"line":98,"type":"if","locations":[{"start":{"line":98,"column":4},"end":{"line":98,"column":4}},{"start":{"line":98,"column":4},"end":{"line":98,"column":4}}]},"29":{"line":100,"type":"if","locations":[{"start":{"line":100,"column":11},"end":{"line":100,"column":11}},{"start":{"line":100,"column":11},"end":{"line":100,"column":11}}]},"30":{"line":100,"type":"binary-expr","locations":[{"start":{"line":100,"column":15},"end":{"line":100,"column":21}},{"start":{"line":100,"column":25},"end":{"line":100,"column":51}},{"start":{"line":100,"column":55},"end":{"line":100,"column":71}}]},"31":{"line":110,"type":"if","locations":[{"start":{"line":110,"column":2},"end":{"line":110,"column":2}},{"start":{"line":110,"column":2},"end":{"line":110,"column":2}}]},"32":{"line":110,"type":"binary-expr","locations":[{"start":{"line":110,"column":6},"end":{"line":110,"column":9}},{"start":{"line":110,"column":13},"end":{"line":110,"column":36}}]},"33":{"line":111,"type":"if","locations":[{"start":{"line":111,"column":4},"end":{"line":111,"column":4}},{"start":{"line":111,"column":4},"end":{"line":111,"column":4}}]}}},"/Users/jimdebeer/dev/core/hub/lib/downstream/index.js":{"path":"/Users/jimdebeer/dev/core/hub/lib/downstream/index.js","s":{"1":1,"2":1,"3":1,"4":1,"5":1,"6":1,"7":0,"8":0,"9":1,"10":1,"11":1,"12":0,"13":0},"b":{"1":[0,1],"2":[1,0],"3":[0,0]},"f":{"1":1,"2":0},"fnMap":{"1":{"name":"(anonymous_1)","line":11,"loc":{"start":{"line":11,"column":11},"end":{"line":11,"column":14}}},"2":{"name":"(anonymous_2)","line":26,"loc":{"start":{"line":26,"column":9},"end":{"line":26,"column":12}}}},"statementMap":{"1":{"start":{"line":2,"column":0},"end":{"line":2,"column":41}},"2":{"start":{"line":3,"column":0},"end":{"line":3,"column":39}},"3":{"start":{"line":5,"column":0},"end":{"line":22,"column":1}},"4":{"start":{"line":12,"column":8},"end":{"line":12,"column":34}},"5":{"start":{"line":13,"column":8},"end":{"line":13,"column":34}},"6":{"start":{"line":14,"column":8},"end":{"line":17,"column":9}},"7":{"start":{"line":15,"column":10},"end":{"line":15,"column":20}},"8":{"start":{"line":16,"column":10},"end":{"line":16,"column":31}},"9":{"start":{"line":18,"column":8},"end":{"line":18,"column":37}},"10":{"start":{"line":18,"column":19},"end":{"line":18,"column":36}},"11":{"start":{"line":24,"column":0},"end":{"line":33,"column":1}},"12":{"start":{"line":28,"column":6},"end":{"line":30,"column":7}},"13":{"start":{"line":29,"column":8},"end":{"line":29,"column":27}}},"branchMap":{"1":{"line":14,"type":"if","locations":[{"start":{"line":14,"column":8},"end":{"line":14,"column":8}},{"start":{"line":14,"column":8},"end":{"line":14,"column":8}}]},"2":{"line":18,"type":"if","locations":[{"start":{"line":18,"column":8},"end":{"line":18,"column":8}},{"start":{"line":18,"column":8},"end":{"line":18,"column":8}}]},"3":{"line":28,"type":"if","locations":[{"start":{"line":28,"column":6},"end":{"line":28,"column":6}},{"start":{"line":28,"column":6},"end":{"line":28,"column":6}}]}}},"/Users/jimdebeer/dev/core/hub/lib/downstream/server/create/index.js":{"path":"/Users/jimdebeer/dev/core/hub/lib/downstream/server/create/index.js","s":{"1":1,"2":1,"3":1,"4":1,"5":1,"6":1,"7":1,"8":0,"9":0,"10":0,"11":0,"12":0,"13":0,"14":0,"15":0,"16":0,"17":0,"18":0,"19":0,"20":0,"21":0,"22":0,"23":0,"24":0,"25":0,"26":0,"27":0,"28":0,"29":1},"b":{"1":[0,0],"2":[0,0],"3":[0,0],"4":[0,0]},"f":{"1":1,"2":0},"fnMap":{"1":{"name":"createServer","line":7,"loc":{"start":{"line":7,"column":17},"end":{"line":7,"column":51}}},"2":{"name":"(anonymous_2)","line":9,"loc":{"start":{"line":9,"column":26},"end":{"line":9,"column":48}}}},"statementMap":{"1":{"start":{"line":2,"column":0},"end":{"line":2,"column":45}},"2":{"start":{"line":3,"column":0},"end":{"line":3,"column":38}},"3":{"start":{"line":4,"column":0},"end":{"line":4,"column":48}},"4":{"start":{"line":5,"column":0},"end":{"line":5,"column":35}},"5":{"start":{"line":7,"column":0},"end":{"line":42,"column":1}},"6":{"start":{"line":8,"column":2},"end":{"line":8,"column":63}},"7":{"start":{"line":9,"column":2},"end":{"line":39,"column":4}},"8":{"start":{"line":10,"column":4},"end":{"line":31,"column":6}},"9":{"start":{"line":11,"column":6},"end":{"line":30,"column":7}},"10":{"start":{"line":12,"column":8},"end":{"line":27,"column":9}},"11":{"start":{"line":13,"column":10},"end":{"line":13,"column":33}},"12":{"start":{"line":14,"column":10},"end":{"line":17,"column":11}},"13":{"start":{"line":15,"column":12},"end":{"line":15,"column":36}},"14":{"start":{"line":16,"column":12},"end":{"line":16,"column":18}},"15":{"start":{"line":18,"column":10},"end":{"line":18,"column":60}},"16":{"start":{"line":18,"column":29},"end":{"line":18,"column":59}},"17":{"start":{"line":19,"column":10},"end":{"line":19,"column":44}},"18":{"start":{"line":20,"column":10},"end":{"line":24,"column":11}},"19":{"start":{"line":21,"column":12},"end":{"line":21,"column":46}},"20":{"start":{"line":22,"column":12},"end":{"line":22,"column":43}},"21":{"start":{"line":23,"column":12},"end":{"line":23,"column":31}},"22":{"start":{"line":26,"column":10},"end":{"line":26,"column":60}},"23":{"start":{"line":29,"column":8},"end":{"line":29,"column":56}},"24":{"start":{"line":32,"column":4},"end":{"line":38,"column":6}},"25":{"start":{"line":33,"column":6},"end":{"line":37,"column":7}},"26":{"start":{"line":34,"column":8},"end":{"line":34,"column":95}},"27":{"start":{"line":35,"column":8},"end":{"line":35,"column":39}},"28":{"start":{"line":36,"column":8},"end":{"line":36,"column":27}},"29":{"start":{"line":41,"column":2},"end":{"line":41,"column":15}}},"branchMap":{"1":{"line":12,"type":"if","locations":[{"start":{"line":12,"column":8},"end":{"line":12,"column":8}},{"start":{"line":12,"column":8},"end":{"line":12,"column":8}}]},"2":{"line":14,"type":"if","locations":[{"start":{"line":14,"column":10},"end":{"line":14,"column":10}},{"start":{"line":14,"column":10},"end":{"line":14,"column":10}}]},"3":{"line":18,"type":"if","locations":[{"start":{"line":18,"column":10},"end":{"line":18,"column":10}},{"start":{"line":18,"column":10},"end":{"line":18,"column":10}}]},"4":{"line":33,"type":"if","locations":[{"start":{"line":33,"column":6},"end":{"line":33,"column":6}},{"start":{"line":33,"column":6},"end":{"line":33,"column":6}}]}}},"/Users/jimdebeer/dev/core/hub/lib/offset/server.js":{"path":"/Users/jimdebeer/dev/core/hub/lib/offset/server.js","s":{"1":1,"2":1,"3":1,"4":0,"5":0},"b":{"1":[0,0],"2":[0,0]},"f":{"1":0},"fnMap":{"1":{"name":"offset","line":4,"loc":{"start":{"line":4,"column":17},"end":{"line":4,"column":52}}}},"statementMap":{"1":{"start":{"line":2,"column":0},"end":{"line":2,"column":44}},"2":{"start":{"line":3,"column":0},"end":{"line":3,"column":35}},"3":{"start":{"line":4,"column":0},"end":{"line":11,"column":1}},"4":{"start":{"line":5,"column":2},"end":{"line":10,"column":3}},"5":{"start":{"line":6,"column":4},"end":{"line":9,"column":7}}},"branchMap":{"1":{"line":5,"type":"if","locations":[{"start":{"line":5,"column":2},"end":{"line":5,"column":2}},{"start":{"line":5,"column":2},"end":{"line":5,"column":2}}]},"2":{"line":5,"type":"binary-expr","locations":[{"start":{"line":5,"column":6},"end":{"line":5,"column":15}},{"start":{"line":5,"column":19},"end":{"line":5,"column":40}}]}}},"/Users/jimdebeer/dev/core/hub/lib/downstream/server/client/index.js":{"path":"/Users/jimdebeer/dev/core/hub/lib/downstream/server/client/index.js","s":{"1":1,"2":1,"3":1,"4":0,"5":0,"6":0,"7":0,"8":0,"9":0,"10":0,"11":0,"12":0,"13":0,"14":0,"15":0},"b":{"1":[0,0]},"f":{"1":0},"fnMap":{"1":{"name":"(anonymous_1)","line":5,"loc":{"start":{"line":5,"column":17},"end":{"line":5,"column":46}}}},"statementMap":{"1":{"start":{"line":2,"column":0},"end":{"line":2,"column":42}},"2":{"start":{"line":3,"column":0},"end":{"line":3,"column":38}},"3":{"start":{"line":5,"column":0},"end":{"line":22,"column":1}},"4":{"start":{"line":6,"column":2},"end":{"line":6,"column":28}},"5":{"start":{"line":7,"column":2},"end":{"line":7,"column":22}},"6":{"start":{"line":8,"column":2},"end":{"line":8,"column":22}},"7":{"start":{"line":9,"column":2},"end":{"line":9,"column":43}},"8":{"start":{"line":11,"column":2},"end":{"line":11,"column":49}},"9":{"start":{"line":12,"column":2},"end":{"line":12,"column":59}},"10":{"start":{"line":14,"column":2},"end":{"line":18,"column":3}},"11":{"start":{"line":15,"column":4},"end":{"line":17,"column":5}},"12":{"start":{"line":16,"column":6},"end":{"line":16,"column":92}},"13":{"start":{"line":19,"column":2},"end":{"line":19,"column":32}},"14":{"start":{"line":20,"column":2},"end":{"line":20,"column":21}},"15":{"start":{"line":21,"column":2},"end":{"line":21,"column":20}}},"branchMap":{"1":{"line":14,"type":"if","locations":[{"start":{"line":14,"column":2},"end":{"line":14,"column":2}},{"start":{"line":14,"column":2},"end":{"line":14,"column":2}}]}}},"/Users/jimdebeer/dev/core/hub/lib/downstream/server/client/context.js":{"path":"/Users/jimdebeer/dev/core/hub/lib/downstream/server/client/context.js","s":{"1":1,"2":1,"3":1,"4":0,"5":0,"6":0,"7":0,"8":0,"9":0,"10":0,"11":0,"12":0,"13":0,"14":0,"15":0,"16":0,"17":0,"18":0,"19":0,"20":0,"21":0,"22":0,"23":0,"24":0,"25":0},"b":{"1":[0,0],"2":[0,0],"3":[0,0]},"f":{"1":0},"fnMap":{"1":{"name":"createContext","line":4,"loc":{"start":{"line":4,"column":17},"end":{"line":4,"column":69}}}},"statementMap":{"1":{"start":{"line":2,"column":0},"end":{"line":2,"column":38}},"2":{"start":{"line":3,"column":0},"end":{"line":3,"column":34}},"3":{"start":{"line":4,"column":0},"end":{"line":41,"column":1}},"4":{"start":{"line":5,"column":2},"end":{"line":5,"column":22}},"5":{"start":{"line":6,"column":2},"end":{"line":6,"column":35}},"6":{"start":{"line":7,"column":2},"end":{"line":7,"column":42}},"7":{"start":{"line":8,"column":2},"end":{"line":8,"column":26}},"8":{"start":{"line":9,"column":2},"end":{"line":9,"column":55}},"9":{"start":{"line":10,"column":2},"end":{"line":10,"column":30}},"10":{"start":{"line":11,"column":2},"end":{"line":11,"column":16}},"11":{"start":{"line":12,"column":2},"end":{"line":14,"column":3}},"12":{"start":{"line":13,"column":4},"end":{"line":13,"column":16}},"13":{"start":{"line":15,"column":2},"end":{"line":22,"column":3}},"14":{"start":{"line":16,"column":4},"end":{"line":16,"column":20}},"15":{"start":{"line":18,"column":4},"end":{"line":18,"column":40}},"16":{"start":{"line":19,"column":4},"end":{"line":21,"column":5}},"17":{"start":{"line":20,"column":6},"end":{"line":20,"column":67}},"18":{"start":{"line":24,"column":2},"end":{"line":32,"column":3}},"19":{"start":{"line":34,"column":2},"end":{"line":34,"column":57}},"20":{"start":{"line":35,"column":2},"end":{"line":35,"column":40}},"21":{"start":{"line":36,"column":2},"end":{"line":36,"column":55}},"22":{"start":{"line":37,"column":2},"end":{"line":37,"column":25}},"23":{"start":{"line":38,"column":2},"end":{"line":38,"column":25}},"24":{"start":{"line":39,"column":2},"end":{"line":39,"column":29}},"25":{"start":{"line":40,"column":2},"end":{"line":40,"column":19}}},"branchMap":{"1":{"line":12,"type":"if","locations":[{"start":{"line":12,"column":2},"end":{"line":12,"column":2}},{"start":{"line":12,"column":2},"end":{"line":12,"column":2}}]},"2":{"line":15,"type":"if","locations":[{"start":{"line":15,"column":2},"end":{"line":15,"column":2}},{"start":{"line":15,"column":2},"end":{"line":15,"column":2}}]},"3":{"line":19,"type":"if","locations":[{"start":{"line":19,"column":4},"end":{"line":19,"column":4}},{"start":{"line":19,"column":4},"end":{"line":19,"column":4}}]}}},"/Users/jimdebeer/dev/core/hub/lib/downstream/server/close.js":{"path":"/Users/jimdebeer/dev/core/hub/lib/downstream/server/close.js","s":{"1":1,"2":0,"3":0,"4":0,"5":0,"6":0,"7":0,"8":1,"9":0,"10":0,"11":0,"12":0,"13":0},"b":{"1":[0,0],"2":[0,0]},"f":{"1":0,"2":0},"fnMap":{"1":{"name":"closeServer","line":2,"loc":{"start":{"line":2,"column":17},"end":{"line":2,"column":44}}},"2":{"name":"closeConnections","line":12,"loc":{"start":{"line":12,"column":0},"end":{"line":12,"column":32}}}},"statementMap":{"1":{"start":{"line":2,"column":0},"end":{"line":10,"column":1}},"2":{"start":{"line":3,"column":2},"end":{"line":3,"column":31}},"3":{"start":{"line":4,"column":2},"end":{"line":4,"column":33}},"4":{"start":{"line":5,"column":2},"end":{"line":5,"column":23}},"5":{"start":{"line":6,"column":2},"end":{"line":8,"column":3}},"6":{"start":{"line":7,"column":4},"end":{"line":7,"column":34}},"7":{"start":{"line":9,"column":2},"end":{"line":9,"column":27}},"8":{"start":{"line":12,"column":0},"end":{"line":20,"column":1}},"9":{"start":{"line":13,"column":2},"end":{"line":13,"column":29}},"10":{"start":{"line":14,"column":2},"end":{"line":14,"column":19}},"11":{"start":{"line":15,"column":2},"end":{"line":19,"column":4}},"12":{"start":{"line":16,"column":4},"end":{"line":18,"column":5}},"13":{"start":{"line":17,"column":6},"end":{"line":17,"column":27}}},"branchMap":{"1":{"line":16,"type":"if","locations":[{"start":{"line":16,"column":4},"end":{"line":16,"column":4}},{"start":{"line":16,"column":4},"end":{"line":16,"column":4}}]},"2":{"line":16,"type":"binary-expr","locations":[{"start":{"line":16,"column":8},"end":{"line":16,"column":23}},{"start":{"line":16,"column":27},"end":{"line":16,"column":59}}]}}},"/Users/jimdebeer/dev/core/hub/lib/context/index.js":{"path":"/Users/jimdebeer/dev/core/hub/lib/context/index.js","s":{"1":1,"2":0,"3":0,"4":0,"5":0,"6":0,"7":1},"b":{"1":[0,0],"2":[0,0]},"f":{"1":0,"2":3},"fnMap":{"1":{"name":"(anonymous_1)","line":4,"loc":{"start":{"line":4,"column":13},"end":{"line":4,"column":23}}},"2":{"name":"(anonymous_2)","line":22,"loc":{"start":{"line":22,"column":17},"end":{"line":22,"column":29}}}},"statementMap":{"1":{"start":{"line":3,"column":0},"end":{"line":14,"column":1}},"2":{"start":{"line":5,"column":4},"end":{"line":5,"column":36}},"3":{"start":{"line":6,"column":4},"end":{"line":12,"column":5}},"4":{"start":{"line":7,"column":6},"end":{"line":11,"column":7}},"5":{"start":{"line":8,"column":8},"end":{"line":10,"column":9}},"6":{"start":{"line":9,"column":10},"end":{"line":9,"column":29}},"7":{"start":{"line":16,"column":0},"end":{"line":28,"column":1}}},"branchMap":{"1":{"line":6,"type":"if","locations":[{"start":{"line":6,"column":4},"end":{"line":6,"column":4}},{"start":{"line":6,"column":4},"end":{"line":6,"column":4}}]},"2":{"line":8,"type":"if","locations":[{"start":{"line":8,"column":8},"end":{"line":8,"column":8}},{"start":{"line":8,"column":8},"end":{"line":8,"column":8}}]}}}}